Wed Apr 23 18:41:09 UTC 2025
Thu Apr 24 13:36:42 UTC 2025
Fri Apr 25 13:19:26 UTC 2025
Sat Apr 26 13:04:07 UTC 2025
Sun Apr 27 13:04:25 UTC 2025
Mon Apr 28 13:49:54 UTC 2025
Tue Apr 29 13:44:30 UTC 2025
Wed Apr 30 13:35:11 UTC 2025
Thu May  1 13:17:55 UTC 2025
Fri May  2 13:34:03 UTC 2025
Sat May  3 13:13:07 UTC 2025
Sun May  4 13:13:48 UTC 2025
Mon May  5 13:36:09 UTC 2025
Tue May  6 13:40:25 UTC 2025
Wed May  7 13:42:57 UTC 2025
Thu May  8 13:35:30 UTC 2025
Fri May  9 13:35:21 UTC 2025
Sat May 10 13:13:30 UTC 2025
Sun May 11 13:13:42 UTC 2025
Mon May 12 13:41:53 UTC 2025
Tue May 13 13:43:22 UTC 2025
Wed May 14 13:37:47 UTC 2025
Thu May 15 13:37:26 UTC 2025
Fri May 16 13:36:56 UTC 2025
Sat May 17 13:13:56 UTC 2025
Sun May 18 13:14:50 UTC 2025
Mon May 19 13:42:13 UTC 2025
Tue May 20 13:42:59 UTC 2025
Wed May 21 13:39:35 UTC 2025
Thu May 22 13:40:25 UTC 2025
Fri May 23 13:36:28 UTC 2025
Sat May 24 13:17:18 UTC 2025
Sun May 25 12:32:10 UTC 2025
Mon May 26 12:35:08 UTC 2025
Tue May 27 12:36:57 UTC 2025
Wed May 28 12:36:45 UTC 2025
Thu May 29 12:35:43 UTC 2025
Fri May 30 12:35:47 UTC 2025
Sat May 31 12:32:29 UTC 2025
Sun Jun  1 12:33:22 UTC 2025
Mon Jun  2 12:36:54 UTC 2025
Tue Jun  3 12:37:09 UTC 2025
Wed Jun  4 12:37:07 UTC 2025
Thu Jun  5 12:36:56 UTC 2025
Fri Jun  6 12:35:34 UTC 2025
Sat Jun  7 12:32:48 UTC 2025
Sun Jun  8 12:32:46 UTC 2025
Mon Jun  9 12:36:50 UTC 2025
Tue Jun 10 12:37:34 UTC 2025
Wed Jun 11 12:37:19 UTC 2025
Thu Jun 12 12:36:22 UTC 2025
Fri Jun 13 12:36:26 UTC 2025
Sat Jun 14 12:32:59 UTC 2025
Sun Jun 15 12:33:22 UTC 2025
Mon Jun 16 12:37:51 UTC 2025
Tue Jun 17 12:37:45 UTC 2025
Wed Jun 18 12:37:32 UTC 2025
Thu Jun 19 12:37:09 UTC 2025
Fri Jun 20 12:36:53 UTC 2025
Sat Jun 21 12:33:08 UTC 2025
Sun Jun 22 12:33:02 UTC 2025
Mon Jun 23 12:38:17 UTC 2025
Tue Jun 24 12:37:32 UTC 2025
Wed Jun 25 12:37:49 UTC 2025
Thu Jun 26 12:37:28 UTC 2025
Fri Jun 27 12:36:21 UTC 2025
Sat Jun 28 12:33:23 UTC 2025
